16:47:31 Compiling 'MACD Sample'
16:47:32 Compiling 'Moving Average'
16:47:34 Compiling 'Accelerator'
16:47:38 Compiling 'Accumulation'
16:47:41 Compiling 'Alligator'
16:47:43 Compiling 'ATR'
16:47:44 Compiling 'Awesome'
16:47:47 Compiling 'Bands'
16:47:49 Compiling 'Bears'
16:47:51 Compiling 'Bulls'
16:47:52 Compiling 'CCI'
16:47:55 Compiling 'Heiken Ashi'
16:47:58 Compiling 'Ichimoku'
16:48:03 Compiling 'iExposure'
16:48:03 Compiling 'MACD'
16:48:05 Compiling 'Momentum'
16:48:07 Compiling 'Moving Averages'
16:48:10 Compiling 'OsMA'
16:48:11 Compiling 'Parabolic'
16:48:13 Compiling 'RSI'
16:48:15 Compiling 'Stochastic'
16:48:18 Compiling 'ZigZag'
16:48:20 Compiling 'close'
16:48:25 Compiling 'delete_pending'
16:48:26 Compiling 'modify'
16:48:28 Compiling 'modify_pending'
16:48:29 Compiling 'period_converter'
16:48:32 Compiling 'rotate_text'
16:48:35 Compiling 'send_pending'
16:48:37 Compiling 'trade'
16:48:41 Compiling 'stdlib'
